2013-03-31 18:51:10 Error: [MissingControllerException] Controller class CssController could not be found.
Exception Attributes: array (
  'class' => 'CssController',
  'plugin' => NULL,
)
Request URL: /petit_lien/css/vendor/custom.modernizr.js.css
Stack Trace:
#0 /Users/denisguioth/Sites/petit_lien/app/webroot/index.php(109): Dispatcher->dispatch(Object(CakeRequest), Object(CakeResponse))
#1 {main}
2013-03-31 18:51:57 Error: [MissingControllerException] Controller class CssController could not be found.
Exception Attributes: array (
  'class' => 'CssController',
  'plugin' => NULL,
)
Request URL: /petit_lien/css/vendor/custom.modernizr.js.css
Stack Trace:
#0 /Users/denisguioth/Sites/petit_lien/app/webroot/index.php(109): Dispatcher->dispatch(Object(CakeRequest), Object(CakeResponse))
#1 {main}
2013-03-31 18:52:10 Error: [MissingControllerException] Controller class CssController could not be found.
Exception Attributes: array (
  'class' => 'CssController',
  'plugin' => NULL,
)
Request URL: /petit_lien/css/vendor/custom.modernizr.js.css
Stack Trace:
#0 /Users/denisguioth/Sites/petit_lien/app/webroot/index.php(109): Dispatcher->dispatch(Object(CakeRequest), Object(CakeResponse))
#1 {main}
